[20231204 21:27:19.497] INFO util.py(line:9): Create log folder: C:\Eric\work_space\python_project\cathay_bank_home_work\log
[20231204 21:27:19.498] INFO util.py(line:11): Log folder already exists, remove previous files
[20231204 21:27:19.530] INFO util.py(line:15): Completed log folder creation.
[20231204 21:27:19.532] INFO test_automation_case.py(line:48): Test Step1: Go to CathayBank home page and take a screenshot.
[20231204 21:27:19.532] INFO test_automation_case.py(line:49): Opening the CathayBank home page
[20231204 21:27:19.533] INFO test_automation_case.py(line:50): https://www.cathaybk.com.tw/cathaybk/
[20231204 21:27:23.918] INFO test_automation_case.py(line:53): Taking a screenshot, file name: step1_home_page_screenshot.png
[20231204 21:27:24.171] INFO test_automation_case.py(line:57): Completed screenshot
[20231204 21:27:24.185] INFO test_automation_case.py(line:62): Test Step2: Confirm how many items in the credit card list
[20231204 21:27:24.204] INFO test_automation_case.py(line:64): Click the products introduction tab
[20231204 21:27:24.550] INFO test_automation_case.py(line:67): Taking a screenshot, file name: step2_items_in_credit_card_list.png
[20231204 21:27:24.806] INFO test_automation_case.py(line:71): Found 8 items in the credit card list
[20231204 21:27:24.817] INFO util.py(line:9): Create log folder: C:\Eric\work_space\python_project\cathay_bank_home_work\log\credit_cards_nums
[20231204 21:27:24.818] INFO util.py(line:15): Completed log folder creation.
[20231204 21:27:24.818] INFO test_automation_case.py(line:77): Test Step3: Confirm how many credit cards and taking screenshot for cards
[20231204 21:27:26.787] INFO test_automation_case.py(line:88): Found 7 shopping_cards
[20231204 21:27:26.787] INFO test_automation_case.py(line:92): Taking screenshots, path: C:\Eric\work_space\python_project\cathay_bank_home_work\log\credit_cards_nums\shopping_cards_0.png
[20231204 21:27:27.011] INFO test_automation_case.py(line:92): Taking screenshots, path: C:\Eric\work_space\python_project\cathay_bank_home_work\log\credit_cards_nums\shopping_cards_1.png
[20231204 21:27:27.161] INFO test_automation_case.py(line:92): Taking screenshots, path: C:\Eric\work_space\python_project\cathay_bank_home_work\log\credit_cards_nums\shopping_cards_2.png
[20231204 21:27:27.260] INFO test_automation_case.py(line:92): Taking screenshots, path: C:\Eric\work_space\python_project\cathay_bank_home_work\log\credit_cards_nums\shopping_cards_3.png
[20231204 21:27:27.368] INFO test_automation_case.py(line:92): Taking screenshots, path: C:\Eric\work_space\python_project\cathay_bank_home_work\log\credit_cards_nums\shopping_cards_4.png
[20231204 21:27:27.479] INFO test_automation_case.py(line:92): Taking screenshots, path: C:\Eric\work_space\python_project\cathay_bank_home_work\log\credit_cards_nums\shopping_cards_5.png
[20231204 21:27:27.607] INFO test_automation_case.py(line:92): Taking screenshots, path: C:\Eric\work_space\python_project\cathay_bank_home_work\log\credit_cards_nums\shopping_cards_6.png
[20231204 21:27:27.733] INFO test_automation_case.py(line:88): Found 5 transport_cards
[20231204 21:27:27.733] INFO test_automation_case.py(line:92): Taking screenshots, path: C:\Eric\work_space\python_project\cathay_bank_home_work\log\credit_cards_nums\transport_cards_0.png
[20231204 21:27:27.843] INFO test_automation_case.py(line:92): Taking screenshots, path: C:\Eric\work_space\python_project\cathay_bank_home_work\log\credit_cards_nums\transport_cards_1.png
[20231204 21:27:27.973] INFO test_automation_case.py(line:92): Taking screenshots, path: C:\Eric\work_space\python_project\cathay_bank_home_work\log\credit_cards_nums\transport_cards_2.png
[20231204 21:27:28.095] INFO test_automation_case.py(line:92): Taking screenshots, path: C:\Eric\work_space\python_project\cathay_bank_home_work\log\credit_cards_nums\transport_cards_3.png
[20231204 21:27:28.218] INFO test_automation_case.py(line:92): Taking screenshots, path: C:\Eric\work_space\python_project\cathay_bank_home_work\log\credit_cards_nums\transport_cards_4.png
[20231204 21:27:28.361] INFO test_automation_case.py(line:88): Found 9 upgraded_cube_cards
[20231204 21:27:28.362] INFO test_automation_case.py(line:92): Taking screenshots, path: C:\Eric\work_space\python_project\cathay_bank_home_work\log\credit_cards_nums\upgraded_cube_cards_0.png
[20231204 21:27:28.481] INFO test_automation_case.py(line:92): Taking screenshots, path: C:\Eric\work_space\python_project\cathay_bank_home_work\log\credit_cards_nums\upgraded_cube_cards_1.png
[20231204 21:27:28.597] INFO test_automation_case.py(line:92): Taking screenshots, path: C:\Eric\work_space\python_project\cathay_bank_home_work\log\credit_cards_nums\upgraded_cube_cards_2.png
[20231204 21:27:28.690] INFO test_automation_case.py(line:92): Taking screenshots, path: C:\Eric\work_space\python_project\cathay_bank_home_work\log\credit_cards_nums\upgraded_cube_cards_3.png
[20231204 21:27:28.814] INFO test_automation_case.py(line:92): Taking screenshots, path: C:\Eric\work_space\python_project\cathay_bank_home_work\log\credit_cards_nums\upgraded_cube_cards_4.png
[20231204 21:27:28.909] INFO test_automation_case.py(line:92): Taking screenshots, path: C:\Eric\work_space\python_project\cathay_bank_home_work\log\credit_cards_nums\upgraded_cube_cards_5.png
[20231204 21:27:29.033] INFO test_automation_case.py(line:92): Taking screenshots, path: C:\Eric\work_space\python_project\cathay_bank_home_work\log\credit_cards_nums\upgraded_cube_cards_6.png
[20231204 21:27:29.135] INFO test_automation_case.py(line:92): Taking screenshots, path: C:\Eric\work_space\python_project\cathay_bank_home_work\log\credit_cards_nums\upgraded_cube_cards_7.png
[20231204 21:27:29.239] INFO test_automation_case.py(line:92): Taking screenshots, path: C:\Eric\work_space\python_project\cathay_bank_home_work\log\credit_cards_nums\upgraded_cube_cards_8.png
[20231204 21:27:29.374] INFO test_automation_case.py(line:88): Found 10 terminated_cards
[20231204 21:27:29.374] INFO test_automation_case.py(line:92): Taking screenshots, path: C:\Eric\work_space\python_project\cathay_bank_home_work\log\credit_cards_nums\terminated_cards_0.png
[20231204 21:27:29.556] INFO test_automation_case.py(line:92): Taking screenshots, path: C:\Eric\work_space\python_project\cathay_bank_home_work\log\credit_cards_nums\terminated_cards_1.png
[20231204 21:27:29.696] INFO test_automation_case.py(line:92): Taking screenshots, path: C:\Eric\work_space\python_project\cathay_bank_home_work\log\credit_cards_nums\terminated_cards_2.png
[20231204 21:27:29.811] INFO test_automation_case.py(line:92): Taking screenshots, path: C:\Eric\work_space\python_project\cathay_bank_home_work\log\credit_cards_nums\terminated_cards_3.png
[20231204 21:27:29.908] INFO test_automation_case.py(line:92): Taking screenshots, path: C:\Eric\work_space\python_project\cathay_bank_home_work\log\credit_cards_nums\terminated_cards_4.png
[20231204 21:27:30.020] INFO test_automation_case.py(line:92): Taking screenshots, path: C:\Eric\work_space\python_project\cathay_bank_home_work\log\credit_cards_nums\terminated_cards_5.png
[20231204 21:27:30.133] INFO test_automation_case.py(line:92): Taking screenshots, path: C:\Eric\work_space\python_project\cathay_bank_home_work\log\credit_cards_nums\terminated_cards_6.png
[20231204 21:27:30.254] INFO test_automation_case.py(line:92): Taking screenshots, path: C:\Eric\work_space\python_project\cathay_bank_home_work\log\credit_cards_nums\terminated_cards_7.png
[20231204 21:27:30.369] INFO test_automation_case.py(line:92): Taking screenshots, path: C:\Eric\work_space\python_project\cathay_bank_home_work\log\credit_cards_nums\terminated_cards_8.png
[20231204 21:27:30.472] INFO test_automation_case.py(line:92): Taking screenshots, path: C:\Eric\work_space\python_project\cathay_bank_home_work\log\credit_cards_nums\terminated_cards_9.png
